<?xml version="1.0" encoding="UTF-8" ?>
<testsuite failures="4" time="22.809" errors="0" skipped="0" tests="9" name="TestSuite">
  <properties>
[...]
</properties>
  <testcase time="11.068" classname="org.artofsolving.jodconverter.OfficeDocumentConverterFunctionalTest" name="runAllPossibleConversions"/>
  <testcase time="0.013" classname="org.artofsolving.jodconverter.document.JsonDocumentFormatRegistryTest" name="readJsonRegistry"/>
  <testcase time="2.016" classname="org.artofsolving.jodconverter.office.ExternalOfficeManagerTest" name="executeTask">
    <failure message="could not connect to external office process" type="org.artofsolving.jodconverter.office.OfficeException">org.artofsolving.jodconverter.office.OfficeException: could not connect to external office process
	at org.artofsolving.jodconverter.office.ExternalOfficeManager.connect(ExternalOfficeManager.java:78)
	at org.artofsolving.jodconverter.office.ExternalOfficeManager.start(ExternalOfficeManager.java:52)
	at org.artofsolving.jodconverter.office.ExternalOfficeManagerTest.executeTask(ExternalOfficeManagerTest.java:39)
Caused by: java.net.ConnectException: connection failed: &apos;socket,host=127.0.0.1,port=2002,tcpNoDelay=1&apos;; java.net.ConnectException: Connection refused
	at org.artofsolving.jodconverter.office.OfficeConnection.connect(OfficeConnection.java:94)
	at org.artofsolving.jodconverter.office.ExternalOfficeManager.connect(ExternalOfficeManager.java:76)
	... 37 more
</failure>
    <system-err>Jul 23, 2014 2:05:55 PM org.artofsolving.jodconverter.office.OfficeProcess start
INFO: starting process with acceptString &apos;socket,host=127.0.0.1,port=2002,tcpNoDelay=1&apos; and profileDir &apos;/tmp/.jodconverter_socket_host-127.0.0.1_port-2002&apos;
Jul 23, 2014 2:05:55 PM org.artofsolving.jodconverter.office.OfficeProcess start
INFO: started process
</system-err>
  </testcase>
  <testcase time="0.616" classname="org.artofsolving.jodconverter.office.PooledOfficeManagerTest" name="executeTask">
    <failure message="expected:&lt;true&gt; but was:&lt;false&gt;" type="java.lang.AssertionError">java.lang.AssertionError: expected:&lt;true&gt; but was:&lt;false&gt;
	at org.testng.Assert.fail(Assert.java:89)
	at org.testng.Assert.failNotEquals(Assert.java:480)
	at org.testng.Assert.assertTrue(Assert.java:37)
	at org.testng.Assert.assertTrue(Assert.java:47)
	at org.artofsolving.jodconverter.office.PooledOfficeManagerTest.executeTask(PooledOfficeManagerTest.java:48)
</failure>
    <system-err>Jul 23, 2014 2:05:57 PM org.artofsolving.jodconverter.office.OfficeProcess prepareInstanceProfileDir
WARNING: profile dir &apos;/tmp/.jodconverter_socket_host-127.0.0.1_port-2002&apos; already exists; deleting
Jul 23, 2014 2:05:57 PM org.artofsolving.jodconverter.office.OfficeProcess deleteProfileDir
WARNING: could not delete profileDir: Unable to delete directory /tmp/.jodconverter_socket_host-127.0.0.1_port-2002/user/uno_packages/cache/uno_packages.; renamed it to /tmp/.jodconverter_socket_host-127.0.0.1_port-2002.old.1406117157688
Jul 23, 2014 2:05:57 PM org.artofsolving.jodconverter.office.OfficeProcess start
INFO: starting process with acceptString &apos;socket,host=127.0.0.1,port=2002,tcpNoDelay=1&apos; and profileDir &apos;/tmp/.jodconverter_socket_host-127.0.0.1_port-2002&apos;
Jul 23, 2014 2:05:57 PM org.artofsolving.jodconverter.office.OfficeProcess start
INFO: started process
Jul 23, 2014 2:05:58 PM org.artofsolving.jodconverter.office.OfficeConnection connect
INFO: connected: &apos;socket,host=127.0.0.1,port=2002,tcpNoDelay=1&apos;
</system-err>
  </testcase>
  <testcase time="2.531" classname="org.artofsolving.jodconverter.office.PooledOfficeManagerTest" name="restartAfterCrash">
    <failure message="expected:&lt;true&gt; but was:&lt;false&gt;" type="java.lang.AssertionError">java.lang.AssertionError: expected:&lt;true&gt; but was:&lt;false&gt;
	at org.testng.Assert.fail(Assert.java:89)
	at org.testng.Assert.failNotEquals(Assert.java:480)
	at org.testng.Assert.assertTrue(Assert.java:37)
	at org.testng.Assert.assertTrue(Assert.java:47)
	at org.artofsolving.jodconverter.office.PooledOfficeManagerTest.restartAfterCrash(PooledOfficeManagerTest.java:90)
</failure>
    <system-err>Jul 23, 2014 2:05:58 PM org.artofsolving.jodconverter.office.OfficeProcess prepareInstanceProfileDir
WARNING: profile dir &apos;/tmp/.jodconverter_socket_host-127.0.0.1_port-2002&apos; already exists; deleting
Jul 23, 2014 2:05:58 PM org.artofsolving.jodconverter.office.OfficeProcess start
INFO: starting process with acceptString &apos;socket,host=127.0.0.1,port=2002,tcpNoDelay=1&apos; and profileDir &apos;/tmp/.jodconverter_socket_host-127.0.0.1_port-2002&apos;
Jul 23, 2014 2:05:58 PM org.artofsolving.jodconverter.office.OfficeProcess start
INFO: started process
Jul 23, 2014 2:05:58 PM org.artofsolving.jodconverter.office.OfficeConnection connect
INFO: connected: &apos;socket,host=127.0.0.1,port=2002,tcpNoDelay=1&apos;
</system-err>
  </testcase>
  <testcase time="3.548" classname="org.artofsolving.jodconverter.office.PooledOfficeManagerTest" name="restartAfterTaskTimeout">
    <failure message="expected:&lt;true&gt; but was:&lt;false&gt;" type="java.lang.AssertionError">java.lang.AssertionError: expected:&lt;true&gt; but was:&lt;false&gt;
	at org.testng.Assert.fail(Assert.java:89)
	at org.testng.Assert.failNotEquals(Assert.java:480)
	at org.testng.Assert.assertTrue(Assert.java:37)
	at org.testng.Assert.assertTrue(Assert.java:47)
	at org.artofsolving.jodconverter.office.PooledOfficeManagerTest.restartAfterTaskTimeout(PooledOfficeManagerTest.java:126)
</failure>
    <system-err>Jul 23, 2014 2:06:00 PM org.artofsolving.jodconverter.office.OfficeProcess prepareInstanceProfileDir
WARNING: profile dir &apos;/tmp/.jodconverter_socket_host-127.0.0.1_port-2002&apos; already exists; deleting
Jul 23, 2014 2:06:00 PM org.artofsolving.jodconverter.office.OfficeProcess start
INFO: starting process with acceptString &apos;socket,host=127.0.0.1,port=2002,tcpNoDelay=1&apos; and profileDir &apos;/tmp/.jodconverter_socket_host-127.0.0.1_port-2002&apos;
Jul 23, 2014 2:06:00 PM org.artofsolving.jodconverter.office.OfficeProcess start
INFO: started process
Jul 23, 2014 2:06:00 PM org.artofsolving.jodconverter.office.OfficeConnection connect
INFO: connected: &apos;socket,host=127.0.0.1,port=2002,tcpNoDelay=1&apos;
Jul 23, 2014 2:06:02 PM org.artofsolving.jodconverter.office.OfficeProcess forciblyTerminate
INFO: trying to forcibly terminate process: &apos;socket,host=127.0.0.1,port=2002,tcpNoDelay=1&apos;
Jul 23, 2014 2:06:02 PM org.artofsolving.jodconverter.office.ManagedOfficeProcess doTerminateProcess
INFO: process forcibly terminated with code 0
</system-err>
  </testcase>
  <testcase time="2.636" classname="org.artofsolving.jodconverter.office.PooledOfficeManagerTest" name="restartWhenMaxTasksPerProcessReached"/>
  <testcase time="0.045" classname="org.artofsolving.jodconverter.process.ProcessManagerTest" name="linuxProcessManager"/>
  <testcase time="0.016" classname="org.artofsolving.jodconverter.process.ProcessManagerTest" name="sigarProcessManager"/>
</testsuite>